

Microchip MPLAB XC8 Assembler V2.20 build 20200408173844 
                                                                                                           Tue Nov  8 09:19:02 2022


     1                           	processor	18F4580
     2                           	pagewidth 132
     3                           	psect	const,global,reloc=2,class=CONST,delta=1,noexec
     4                           	psect	smallconst,global,reloc=2,class=SMALLCONST,delta=1,noexec
     5                           	psect	mediumconst,global,reloc=2,class=MEDIUMCONST,delta=1,noexec
     6                           	psect	rbss,global,class=COMRAM,space=1,delta=1,noexec
     7                           	psect	bss,global,class=RAM,space=1,delta=1,noexec
     8                           	psect	rdata,global,class=COMRAM,space=1,delta=1,noexec
     9                           	psect	irdata,global,reloc=2,class=CODE,delta=1,noexec
    10                           	psect	data,global,class=RAM,space=1,delta=1,noexec
    11                           	psect	idata,global,reloc=2,class=CODE,delta=1,noexec
    12                           	psect	nvrram,global,class=COMRAM,space=1,delta=1,noexec
    13                           	psect	nvbit,global,bit,class=COMRAM,space=1,delta=1,noexec
    14                           	psect	temp,global,ovrld,class=COMRAM,space=1,delta=1,noexec
    15                           	psect	struct,global,ovrld,class=COMRAM,space=1,delta=1,noexec
    16                           	psect	rbit,global,bit,class=COMRAM,space=1,delta=1,noexec
    17                           	psect	bigbss,global,class=BIGRAM,space=1,delta=1,noexec
    18                           	psect	bigdata,global,class=BIGRAM,space=1,delta=1,noexec
    19                           	psect	ibigdata,global,reloc=2,class=CODE,delta=1,noexec
    20                           	psect	farbss,global,reloc=2,class=FARRAM,delta=1,noexec
    21                           	psect	nvFARRAM,global,reloc=2,class=FARRAM,delta=1,noexec
    22                           	psect	fardata,global,reloc=2,class=FARRAM,delta=1,noexec
    23                           	psect	ifardata,global,reloc=2,class=CODE,delta=1,noexec
    24                           	psect	reset_vec,global,reloc=2,class=CODE,delta=1
    25                           	psect	powerup,global,reloc=2,class=CODE,delta=1
    26                           	psect	init,global,reloc=2,class=CODE,delta=1
    27                           	psect	text,global,reloc=2,class=CODE,delta=1
    28                           	psect	clrtext,global,reloc=2,class=CODE,delta=1
    29                           	psect	config,global,class=CONFIG,space=4,delta=1,noexec
    30                           	psect	idloc,global,class=IDLOC,space=5,delta=1,noexec
    31                           	psect	intcode,global,reloc=2,class=CODE,delta=1
    32                           	psect	intcode_body,global,reloc=2,class=CODE,delta=1
    33                           	psect	intcodelo,global,reloc=2,class=CODE,delta=1
    34                           	psect	intret,global,reloc=2,class=CODE,delta=1
    35                           	psect	intentry,global,reloc=2,class=CODE,delta=1
    36                           	psect	intsave_regs,global,class=BIGRAM,space=1,delta=1
    37                           	psect	eeprom_data,global,class=EEDATA,delta=1,noexec
    38                           	psect	ramtop,global,class=RAM,delta=1,noexec
    39                           	psect	stack,global,class=STACK,space=2,delta=1,noexec
    40                           	psect	comram,global,class=COMRAM,space=1,delta=1
    41                           	psect	abs1,global,class=ABS1,space=1,delta=1
    42                           	psect	bigram,global,class=BIGRAM,space=1,delta=1
    43                           	psect	ram,global,class=RAM,space=1,delta=1
    44                           	psect	bank0,global,class=BANK0,space=1,delta=1
    45                           	psect	bank1,global,class=BANK1,space=1,delta=1
    46                           	psect	bank2,global,class=BANK2,space=1,delta=1
    47                           	psect	bank3,global,class=BANK3,space=1,delta=1
    48                           	psect	bank4,global,class=BANK4,space=1,delta=1
    49                           	psect	bank5,global,class=BANK5,space=1,delta=1
    50                           	psect	sfr,global,class=SFR,space=1,delta=1
    51                           
    52                           ; Microchip MPLAB XC8 C Compiler V2.20
    53                           ; Copyright (C) 2020 Microchip Technology Inc.
    54                           ; Auto-generated runtime startup code for final link stage.
    55                           ;
    56                           ; Compiler options:
    57                           ;
    58                           ; -I/opt/microchip/xc8/v1.36/include/ --ROM=0-3000 -Q --opt=all \
    59                           ; --asmlist --summary=psect,mem -Mpic18F4580.map -DCOMPILER= -intel \
    60                           ; main.p1 -opic18F4580.hex
    61                           ;
    62  0000                     
    63                           ; Version 2.20
    64                           ; Generated 09/04/2020 GMT
    65                           ; 
    66                           ; Copyright © 2020, Microchip Technology Inc. and its subsidiaries ("Microchip")
    67                           ; All rights reserved.
    68                           ; 
    69                           ; This software is developed by Microchip Technology Inc. and its subsidiaries ("Microchip").
    70                           ; 
    71                           ; Redistribution and use in source and binary forms, with or without modification, are
    72                           ; permitted provided that the following conditions are met:
    73                           ; 
    74                           ;     1. Redistributions of source code must retain the above copyright notice, this list of
    75                           ;        conditions and the following disclaimer.
    76                           ; 
    77                           ;     2. Redistributions in binary form must reproduce the above copyright notice, this list
    78                           ;        of conditions and the following disclaimer in the documentation and/or other
    79                           ;        materials provided with the distribution.
    80                           ; 
    81                           ;     3. Microchip's name may not be used to endorse or promote products derived from this
    82                           ;        software without specific prior written permission.
    83                           ; 
    84                           ; THIS SOFTWARE IS PROVIDED BY MICROCHIP "AS IS" AND ANY EXPRESS OR IMPLIED WARRANTIES,
    85                           ; INCLUDING, BUT NOT LIMITED TO, THE IMPLIED WARRANTIES OF MERCHANTABILITY AND FITNESS FOR
    86                           ; PURPOSE ARE DISCLAIMED.  IN NO EVENT SHALL MICROCHIP BE LIABLE FOR ANY DIRECT, INDIRECT,
    87                           ; INCIDENTAL, SPECIAL, EXEMPLARY, OR CONSEQUENTIAL DAMAGES (INCLUDING BUT NOT LIMITED TO
    88                           ; PROCUREMENT OF SUBSTITUTE GOODS OR SERVICES; LOSS OF USE, DATA OR PROFITS; OR BUSINESS
    89                           ; INTERRUPTION) HOWSOEVER CAUSED AND ON ANY THEORY OF LIABILITY, WHETHER IN CONTRACT, STRICT
    90                           ; LIABILITY, OR TORT (INCLUDING NEGLIGENCE OR OTHERWISE) ARISING IN ANY WAY OUT OF THE USE OF
    91                           ; THIS SOFTWARE, EVEN IF ADVISED OF THE POSSIBILITY OF SUCH DAMAGE.
    92                           ; 
    93                           ; 
    94                           ; Code-generator required, PIC18F4580 Definitions
    95                           ; 
    96                           ; SFR Addresses
    97  0000                     
    98                           	psect	smallconst
    99  000000                     __smallconst:
   100                           	callstack 0
   101                           
   102                           	psect	mediumconst
   103  000000                     __mediumconst:
   104                           	callstack 0	; top of RAM usage
   105                           
   106                           	psect	reset_vec
   107  000000                     
   108                           ; No powerup routine
   109                           ; No interrupt routine
   110  0000                     
   111                           ;Initialize the stack pointer (FSR1)
   112  0000                     
   113                           	psect	init
   114  000000                     start:
   115                           	callstack 0
   116  000000  EFC5  F017         	goto	start_initialization	;jump to C runtime clear & initialization
   117                           
   118                           	psect	text
   119  000000                     intlevel0:
   120                           	callstack 0
   121  000000                     intlevel1:
   122                           	callstack 0
   123  000000                     intlevel2:
   124                           	callstack 0
   125  000000                     intlevel3:
   126                           	callstack 0
   127                           
   128                           	psect	ramtop
   129  000600                     __ramtop:
   130                           	callstack 0
   131                           
   132                           	psect	stack
   133  000000                     ___sp:
   134                           	callstack 0
   135  000000                     ___inthi_sp:
   136                           	callstack 0
   137  000000                     ___intlo_sp:
   138                           	callstack 0
   139                           tosu	equ	0xFFF
   140                           tosh	equ	0xFFE
   141                           tosl	equ	0xFFD
   142                           stkptr	equ	0xFFC
   143                           pclatu	equ	0xFFB
   144                           pclath	equ	0xFFA
   145                           pcl	equ	0xFF9
   146                           tblptru	equ	0xFF8
   147                           tblptrh	equ	0xFF7
   148                           tblptrl	equ	0xFF6
   149                           tablat	equ	0xFF5
   150                           prodh	equ	0xFF4
   151                           prodl	equ	0xFF3
   152                           indf0	equ	0xFEF
   153                           postinc0	equ	0xFEE
   154                           postdec0	equ	0xFED
   155                           preinc0	equ	0xFEC
   156                           plusw0	equ	0xFEB
   157                           fsr0h	equ	0xFEA
   158                           fsr0l	equ	0xFE9
   159                           wreg	equ	0xFE8
   160                           indf1	equ	0xFE7
   161                           postinc1	equ	0xFE6
   162                           postdec1	equ	0xFE5
   163                           preinc1	equ	0xFE4
   164                           plusw1	equ	0xFE3
   165                           fsr1h	equ	0xFE2
   166                           fsr1l	equ	0xFE1
   167                           bsr	equ	0xFE0
   168                           indf2	equ	0xFDF
   169                           postinc2	equ	0xFDE
   170                           postdec2	equ	0xFDD
   171                           preinc2	equ	0xFDC
   172                           plusw2	equ	0xFDB
   173                           fsr2h	equ	0xFDA
   174                           fsr2l	equ	0xFD9
   175                           status	equ	0xFD8


Microchip Technology PIC18 Macro Assembler V2.20 build 20200408173844 
Symbol Table                                                                                               Tue Nov  8 09:19:02 2022

                __S1 0005                 ___sp 0000                 _main 2F9A                 start 0000  
              __HRAM 0000                __LRAM 0001         __mediumconst 0000               stackhi 0005FF  
             stacklo 000060           __accesstop 000060           ___inthi_sp 0000           ___intlo_sp 0000  
            __ramtop 0600  start_initialization 2F8A          __smallconst 0000             intlevel0 0000  
           intlevel1 0000             intlevel2 0000             intlevel3 0000             reset_vec 0000  
