

Microchip MPLAB XC8 Assembler V2.20 build 20200408173844 
                                                                                               Fri Nov  4 10:03:30 2022

Microchip MPLAB XC8 C Compiler v2.20 (Free license) build 20200408173844 Og9 
     1                           	processor	18F4580
     2                           	fnconf	rparam,??,?,0
     3                           	pagewidth 120
     4                           	opt	flic
     5                           	psect	cinit,global,reloc=2,class=CODE,delta=1
     6                           	psect	cstackCOMRAM,global,class=COMRAM,space=1,delta=1,lowdata,noexec
     7                           	psect	text0,global,reloc=2,class=CODE,delta=1
     8                           	psect	text1,global,reloc=2,class=CODE,delta=1
     9                           	psect	intsave_regs,global,class=BIGRAM,space=1,delta=1,noexec
    10                           	psect	rparam,global,class=COMRAM,space=1,delta=1,noexec
    11  0000                     
    12                           ; Version 2.20
    13                           ; Generated 09/04/2020 GMT
    14                           ; 
    15                           ; Copyright © 2020, Microchip Technology Inc. and its subsidiaries ("Microchip")
    16                           ; All rights reserved.
    17                           ; 
    18                           ; This software is developed by Microchip Technology Inc. and its subsidiaries ("Microch
      +                          ip").
    19                           ; 
    20                           ; Redistribution and use in source and binary forms, with or without modification, are
    21                           ; permitted provided that the following conditions are met:
    22                           ; 
    23                           ;     1. Redistributions of source code must retain the above copyright notice, this lis
      +                          t of
    24                           ;        conditions and the following disclaimer.
    25                           ; 
    26                           ;     2. Redistributions in binary form must reproduce the above copyright notice, this 
      +                          list
    27                           ;        of conditions and the following disclaimer in the documentation and/or other
    28                           ;        materials provided with the distribution.
    29                           ; 
    30                           ;     3. Microchip's name may not be used to endorse or promote products derived from th
      +                          is
    31                           ;        software without specific prior written permission.
    32                           ; 
    33                           ; THIS SOFTWARE IS PROVIDED BY MICROCHIP "AS IS" AND ANY EXPRESS OR IMPLIED WARRANTIES,
    34                           ; INCLUDING, BUT NOT LIMITED TO, THE IMPLIED WARRANTIES OF MERCHANTABILITY AND FITNESS F
      +                          OR
    35                           ; PURPOSE ARE DISCLAIMED.  IN NO EVENT SHALL MICROCHIP BE LIABLE FOR ANY DIRECT, INDIREC
      +                          T,
    36                           ; INCIDENTAL, SPECIAL, EXEMPLARY, OR CONSEQUENTIAL DAMAGES (INCLUDING BUT NOT LIMITED TO
    37                           ; PROCUREMENT OF SUBSTITUTE GOODS OR SERVICES; LOSS OF USE, DATA OR PROFITS; OR BUSINESS
    38                           ; INTERRUPTION) HOWSOEVER CAUSED AND ON ANY THEORY OF LIABILITY, WHETHER IN CONTRACT, ST
      +                          RICT
    39                           ; LIABILITY, OR TORT (INCLUDING NEGLIGENCE OR OTHERWISE) ARISING IN ANY WAY OUT OF THE U
      +                          SE OF
    40                           ; THIS SOFTWARE, EVEN IF ADVISED OF THE POSSIBILITY OF SUCH DAMAGE.
    41                           ; 
    42                           ; 
    43                           ; Code-generator required, PIC18F4580 Definitions
    44                           ; 
    45                           ; SFR Addresses
    46  0000                     _TRISB	set	3987
    47  0000                     _PORTBbits	set	3969
    48  0000                     _ADCON1	set	4033
    49  0000                     _RB0	set	31752
    50                           
    51                           ; #config settings
    52                           
    53                           	psect	cinit
    54  002FB2                     __pcinit:
    55                           	callstack 0
    56  002FB2                     start_initialization:
    57                           	callstack 0
    58  002FB2                     __initialization:
    59                           	callstack 0
    60  002FB2                     end_of_initialization:
    61                           	callstack 0
    62  002FB2                     __end_of__initialization:
    63                           	callstack 0
    64  002FB2  0100               	movlb	0
    65  002FB4  EFE3  F017         	goto	_main	;jump to C main() function
    66                           
    67                           	psect	cstackCOMRAM
    68  000001                     __pcstackCOMRAM:
    69                           	callstack 0
    70  000001                     main@i:
    71                           	callstack 0
    72                           
    73                           ; 2 bytes @ 0x0
    74  000001                     	ds	2
    75                           
    76 ;;
    77 ;;Main: autosize = 0, tempsize = 0, incstack = 0, save=0
    78 ;;
    79 ;; *************** function _main *****************
    80 ;; Defined at:
    81 ;;		line 16 in file "main.c"
    82 ;; Parameters:    Size  Location     Type
    83 ;;		None
    84 ;; Auto vars:     Size  Location     Type
    85 ;;  i               2    0[COMRAM] unsigned short 
    86 ;; Return value:  Size  Location     Type
    87 ;;                  1    wreg      void 
    88 ;; Registers used:
    89 ;;		wreg, status,2, status,0, cstack
    90 ;; Tracked objects:
    91 ;;		On entry : 0/0
    92 ;;		On exit  : 0/0
    93 ;;		Unchanged: 0/0
    94 ;; Data sizes:     COMRAM   BANK0   BANK1   BANK2   BANK3   BANK4   BANK5
    95 ;;      Params:         0       0       0       0       0       0       0
    96 ;;      Locals:         2       0       0       0       0       0       0
    97 ;;      Temps:          0       0       0       0       0       0       0
    98 ;;      Totals:         2       0       0       0       0       0       0
    99 ;;Total ram usage:        2 bytes
   100 ;; Hardware stack levels required when called:    1
   101 ;; This function calls:
   102 ;;		_init_config
   103 ;; This function is called by:
   104 ;;		Startup code after reset
   105 ;; This function uses a non-reentrant model
   106 ;;
   107                           
   108                           	psect	text0
   109  002FC6                     __ptext0:
   110                           	callstack 0
   111  002FC6                     _main:
   112                           	callstack 30
   113                           
   114                           ;main.c: 18: unsigned short i;;main.c: 20: init_config();
   115                           
   116                           ;incstack = 0
   117  002FC6  ECDC  F017         	call	_init_config	;wreg free
   118  002FCA                     l781:
   119                           
   120                           ;main.c: 23: {;main.c: 24: PORTBbits.RB1 = 1;
   121  002FCA  8281               	bsf	129,1,c	;volatile
   122                           
   123                           ;main.c: 25: for (i = 50000; i--; );
   124  002FCC  0EC3               	movlw	195
   125  002FCE  6E02               	movwf	(main@i+1)^0,c
   126  002FD0  0E50               	movlw	80
   127  002FD2  6E01               	movwf	main@i^0,c
   128  002FD4                     l785:
   129  002FD4  0601               	decf	main@i^0,f,c
   130  002FD6  A0D8               	btfss	status,0,c
   131  002FD8  0602               	decf	(main@i+1)^0,f,c
   132  002FDA  2801               	incf	main@i^0,w,c
   133  002FDC  E1FB               	bnz	l785
   134  002FDE  2802               	incf	(main@i+1)^0,w,c
   135  002FE0  A4D8               	btfss	status,2,c
   136  002FE2  D7F8               	goto	l785
   137                           
   138                           ;main.c: 27: PORTBbits.RB1 = 0;
   139  002FE4  9281               	bcf	129,1,c	;volatile
   140                           
   141                           ;main.c: 28: for (i = 50000; i--; );
   142  002FE6  0EC3               	movlw	195
   143  002FE8  6E02               	movwf	(main@i+1)^0,c
   144  002FEA  0E50               	movlw	80
   145  002FEC  6E01               	movwf	main@i^0,c
   146  002FEE                     l789:
   147  002FEE  0601               	decf	main@i^0,f,c
   148  002FF0  A0D8               	btfss	status,0,c
   149  002FF2  0602               	decf	(main@i+1)^0,f,c
   150  002FF4  2801               	incf	main@i^0,w,c
   151  002FF6  E1FB               	bnz	l789
   152  002FF8  2802               	incf	(main@i+1)^0,w,c
   153  002FFA  B4D8               	btfsc	status,2,c
   154  002FFC  D7E6               	goto	l781
   155  002FFE  D7F7               	goto	l789
   156  003000                     __end_of_main:
   157                           	callstack 0
   158                           
   159 ;; *************** function _init_config *****************
   160 ;; Defined at:
   161 ;;		line 5 in file "main.c"
   162 ;; Parameters:    Size  Location     Type
   163 ;;		None
   164 ;; Auto vars:     Size  Location     Type
   165 ;;		None
   166 ;; Return value:  Size  Location     Type
   167 ;;                  1    wreg      void 
   168 ;; Registers used:
   169 ;;		wreg, status,2
   170 ;; Tracked objects:
   171 ;;		On entry : 0/0
   172 ;;		On exit  : 0/0
   173 ;;		Unchanged: 0/0
   174 ;; Data sizes:     COMRAM   BANK0   BANK1   BANK2   BANK3   BANK4   BANK5
   175 ;;      Params:         0       0       0       0       0       0       0
   176 ;;      Locals:         0       0       0       0       0       0       0
   177 ;;      Temps:          0       0       0       0       0       0       0
   178 ;;      Totals:         0       0       0       0       0       0       0
   179 ;;Total ram usage:        0 bytes
   180 ;; Hardware stack levels used:    1
   181 ;; This function calls:
   182 ;;		Nothing
   183 ;; This function is called by:
   184 ;;		_main
   185 ;; This function uses a non-reentrant model
   186 ;;
   187                           
   188                           	psect	text1
   189  002FB8                     __ptext1:
   190                           	callstack 0
   191  002FB8                     _init_config:
   192                           	callstack 30
   193                           
   194                           ;main.c: 7: ADCON1 = 0x0F;
   195                           
   196                           ;incstack = 0
   197  002FB8  0E0F               	movlw	15
   198  002FBA  6EC1               	movwf	193,c	;volatile
   199                           
   200                           ;main.c: 9: PORTBbits.RB1 = 0;
   201  002FBC  9281               	bcf	129,1,c	;volatile
   202                           
   203                           ;main.c: 11: TRISB = 0;
   204  002FBE  0E00               	movlw	0
   205  002FC0  6E93               	movwf	147,c	;volatile
   206                           
   207                           ;main.c: 12: RB0 = 1;
   208  002FC2  8081               	bsf	3969,0,c	;volatile
   209  002FC4  0012               	return		;funcret
   210  002FC6                     __end_of_init_config:
   211                           	callstack 0
   212  0000                     
   213                           	psect	rparam
   214  0000                     tosu	equ	0xFFF
   215                           tosh	equ	0xFFE
   216                           tosl	equ	0xFFD
   217                           stkptr	equ	0xFFC
   218                           pclatu	equ	0xFFB
   219                           pclath	equ	0xFFA
   220                           pcl	equ	0xFF9
   221                           tblptru	equ	0xFF8
   222                           tblptrh	equ	0xFF7
   223                           tblptrl	equ	0xFF6
   224                           tablat	equ	0xFF5
   225                           prodh	equ	0xFF4
   226                           prodl	equ	0xFF3
   227                           indf0	equ	0xFEF
   228                           postinc0	equ	0xFEE
   229                           postdec0	equ	0xFED
   230                           preinc0	equ	0xFEC
   231                           plusw0	equ	0xFEB
   232                           fsr0h	equ	0xFEA
   233                           fsr0l	equ	0xFE9
   234                           wreg	equ	0xFE8
   235                           indf1	equ	0xFE7
   236                           postinc1	equ	0xFE6
   237                           postdec1	equ	0xFE5
   238                           preinc1	equ	0xFE4
   239                           plusw1	equ	0xFE3
   240                           fsr1h	equ	0xFE2
   241                           fsr1l	equ	0xFE1
   242                           bsr	equ	0xFE0
   243                           indf2	equ	0xFDF
   244                           postinc2	equ	0xFDE
   245                           postdec2	equ	0xFDD
   246                           preinc2	equ	0xFDC
   247                           plusw2	equ	0xFDB
   248                           fsr2h	equ	0xFDA
   249                           fsr2l	equ	0xFD9
   250                           status	equ	0xFD8

Data Sizes:
    Strings     0
    Constant    0
    Data        0
    BSS         0
    Persistent  0
    Stack       0

Auto Spaces:
    Space          Size  Autos    Used
    COMRAM           95      2       2
    BANK0           160      0       0
    BANK1           256      0       0
    BANK2           256      0       0
    BANK3           256      0       0
    BANK4           256      0       0
    BANK5           256      0       0

Pointer List with Targets:

    None.

Critical Paths under _main in COMRAM

    None.

Critical Paths under _main in BANK0

    None.

Critical Paths under _main in BANK1

    None.

Critical Paths under _main in BANK2

    None.

Critical Paths under _main in BANK3

    None.

Critical Paths under _main in BANK4

    None.

Critical Paths under _main in BANK5

    None.

Call Graph Tables:

 ---------------------------------------------------------------------------------
 (Depth) Function   	        Calls       Base Space   Used Autos Params    Refs
 ---------------------------------------------------------------------------------
 (0) _main                                                 2     2      0      30
                                              0 COMRAM     2     2      0
                        _init_config
 ---------------------------------------------------------------------------------
 (1) _init_config                                          0     0      0       0
 ---------------------------------------------------------------------------------
 Estimated maximum stack depth 1
 ---------------------------------------------------------------------------------

 Call Graph Graphs:

 _main (ROOT)
   _init_config

 Address spaces:
Name               Size   Autos  Total    Cost      Usage
BITCOMRAM           5F      0       0       0        0.0%
EEDATA             100      0       0       0        0.0%
NULL                 0      0       0       0        0.0%
CODE                 0      0       0       0        0.0%
COMRAM              5F      2       2       1        2.1%
STACK                0      0       0       2        0.0%
ABS                  0      0       0       3        0.0%
BITBANK0            A0      0       0       4        0.0%
BANK0               A0      0       0       5        0.0%
BITBANK1           100      0       0       6        0.0%
BANK1              100      0       0       7        0.0%
BITBANK2           100      0       0       8        0.0%
BANK2              100      0       0       9        0.0%
BITBANK3           100      0       0      10        0.0%
BANK3              100      0       0      11        0.0%
BITBANK4           100      0       0      12        0.0%
BANK4              100      0       0      13        0.0%
BITBANK5           100      0       0      14        0.0%
BANK5              100      0       0      15        0.0%
BIGRAM             5FF      0       0      16        0.0%
DATA                 0      0       0      17        0.0%
BITSFR_3             0      0       0     200        0.0%
SFR_3                0      0       0     200        0.0%
BITSFR_2             0      0       0     200        0.0%
SFR_2                0      0       0     200        0.0%
BITSFR_1             0      0       0     200        0.0%
SFR_1                0      0       0     200        0.0%
BITSFR               0      0       0     200        0.0%
SFR                  0      0       0     200        0.0%


Microchip Technology PIC18 Macro Assembler V2.20 build 20200408173844 
Symbol Table                                                                                   Fri Nov  4 10:03:30 2022

                    l781 2FCA                      l785 2FD4                      l789 2FEE  
                    _RB0 007C08                     _main 2FC6                     start 0000  
           ___param_bank 000000                    ?_main 0001             ?_init_config 0001  
                  _TRISB 000F93                    main@i 0001                    status 000FD8  
        __initialization 2FB2             __end_of_main 3000                   ??_main 0001  
          __activetblptr 000000                   _ADCON1 000FC1               __accesstop 0060  
__end_of__initialization 2FB2            ___rparam_used 000001           __pcstackCOMRAM 0001  
   __size_of_init_config 000E                  __Hparam 0000                  __Lparam 0000  
                __pcinit 2FB2                  __ramtop 0600                  __ptext0 2FC6  
                __ptext1 2FB8     end_of_initialization 2FB2                _PORTBbits 000F81  
    start_initialization 2FB2            ??_init_config 0001      __end_of_init_config 2FC6  
               __Hrparam 0000                 __Lrparam 0000              _init_config 2FB8  
          __size_of_main 003A  
